{"/Applications/XAMPP/xamppfiles/htdocs/nodeFramework/api/services/Config.js":{"path":"/Applications/XAMPP/xamppfiles/htdocs/nodeFramework/api/services/Config.js","s":{"1":1,"2":1,"3":1,"4":1,"5":0,"6":0,"7":0,"8":0,"9":0,"10":0,"11":0,"12":0,"13":0,"14":0,"15":0,"16":0,"17":0,"18":0,"19":0,"20":0,"21":0,"22":0,"23":0,"24":0,"25":0,"26":0,"27":0,"28":0,"29":0,"30":0,"31":0,"32":0,"33":0,"34":0,"35":0,"36":0,"37":0,"38":0,"39":0,"40":0,"41":0,"42":0,"43":0,"44":0,"45":0,"46":0,"47":0,"48":0,"49":0,"50":0,"51":0,"52":0,"53":0,"54":0,"55":0,"56":0,"57":0,"58":0,"59":0,"60":0,"61":0,"62":0,"63":0,"64":0,"65":0,"66":0,"67":0,"68":0,"69":0,"70":0,"71":0,"72":0,"73":0,"74":0,"75":0,"76":0,"77":0,"78":0,"79":0,"80":0,"81":0,"82":0,"83":0,"84":0,"85":0,"86":0,"87":0,"88":0,"89":0,"90":1,"91":0,"92":0,"93":0,"94":0,"95":0,"96":0,"97":0,"98":0,"99":0,"100":0,"101":0,"102":0,"103":0,"104":0,"105":1,"106":0,"107":0,"108":0,"109":0,"110":0,"111":1,"112":0,"113":0,"114":0,"115":0,"116":0,"117":0,"118":0,"119":0,"120":0,"121":0,"122":0,"123":0,"124":0,"125":0,"126":0,"127":0,"128":0,"129":0,"130":0,"131":0,"132":0,"133":0,"134":0,"135":0,"136":0,"137":0,"138":0,"139":0,"140":0,"141":0,"142":0,"143":0,"144":0,"145":0,"146":0,"147":0,"148":0,"149":0,"150":0,"151":0,"152":0,"153":0,"154":0,"155":0,"156":0,"157":0,"158":0,"159":0,"160":0,"161":0,"162":0,"163":0,"164":0,"165":0,"166":0,"167":0,"168":0,"169":0,"170":0,"171":0,"172":0,"173":0,"174":0,"175":0,"176":0,"177":0,"178":0,"179":0,"180":0,"181":0,"182":0,"183":0,"184":0,"185":0,"186":0,"187":0,"188":0,"189":0,"190":0,"191":0,"192":0,"193":0,"194":0,"195":0,"196":0,"197":0,"198":0,"199":0,"200":0,"201":0,"202":0,"203":0,"204":0,"205":0,"206":0,"207":0,"208":0,"209":0,"210":0,"211":0,"212":0,"213":0,"214":0,"215":0,"216":0,"217":0,"218":0,"219":0,"220":0,"221":1},"b":{"1":[0,0],"2":[0,0],"3":[0,0],"4":[0,0],"5":[0,0],"6":[0,0],"7":[0,0],"8":[0,0],"9":[0,0],"10":[0,0],"11":[0,0,0],"12":[0,0],"13":[0,0],"14":[0,0],"15":[0,0],"16":[0,0],"17":[0,0],"18":[0,0,0],"19":[0,0],"20":[0,0,0,0,0],"21":[0,0],"22":[0,0,0,0],"23":[0,0],"24":[0,0,0],"25":[0,0],"26":[0,0],"27":[0,0,0,0,0,0,0],"28":[0,0],"29":[0,0],"30":[0,0],"31":[0,0,0],"32":[0,0],"33":[0,0],"34":[0,0],"35":[0,0,0],"36":[0,0],"37":[0,0],"38":[0,0],"39":[0,0],"40":[0,0],"41":[0,0]},"f":{"1":0,"2":0,"3":0,"4":0,"5":0,"6":0,"7":0,"8":0,"9":0,"10":0,"11":0,"12":0,"13":0,"14":0,"15":0,"16":0,"17":0,"18":0,"19":0,"20":0,"21":0,"22":0,"23":0,"24":0,"25":0,"26":0,"27":0,"28":0,"29":0,"30":0,"31":0,"32":0,"33":0,"34":0,"35":0,"36":0,"37":0,"38":0,"39":0,"40":0,"41":0,"42":0,"43":0,"44":0,"45":0,"46":0,"47":0,"48":0,"49":0,"50":0,"51":0},"fnMap":{"1":{"name":"(anonymous_1)","line":29,"loc":{"start":{"line":29,"column":20},"end":{"line":29,"column":38}}},"2":{"name":"(anonymous_2)","line":31,"loc":{"start":{"line":31,"column":28},"end":{"line":31,"column":47}}},"3":{"name":"(anonymous_3)","line":42,"loc":{"start":{"line":42,"column":27},"end":{"line":42,"column":68}}},"4":{"name":"(anonymous_4)","line":47,"loc":{"start":{"line":47,"column":23},"end":{"line":47,"column":41}}},"5":{"name":"(anonymous_5)","line":55,"loc":{"start":{"line":55,"column":11},"end":{"line":55,"column":33}}},"6":{"name":"(anonymous_6)","line":59,"loc":{"start":{"line":59,"column":28},"end":{"line":59,"column":41}}},"7":{"name":"(anonymous_7)","line":70,"loc":{"start":{"line":70,"column":23},"end":{"line":70,"column":73}}},"8":{"name":"(anonymous_8)","line":73,"loc":{"start":{"line":73,"column":11},"end":{"line":73,"column":33}}},"9":{"name":"(anonymous_9)","line":89,"loc":{"start":{"line":89,"column":49},"end":{"line":89,"column":62}}},"10":{"name":"(anonymous_10)","line":106,"loc":{"start":{"line":106,"column":16},"end":{"line":106,"column":46}}},"11":{"name":"(anonymous_11)","line":118,"loc":{"start":{"line":118,"column":33},"end":{"line":118,"column":45}}},"12":{"name":"(anonymous_12)","line":128,"loc":{"start":{"line":128,"column":32},"end":{"line":128,"column":54}}},"13":{"name":"(anonymous_13)","line":133,"loc":{"start":{"line":133,"column":90},"end":{"line":133,"column":115}}},"14":{"name":"(anonymous_14)","line":139,"loc":{"start":{"line":139,"column":51},"end":{"line":139,"column":76}}},"15":{"name":"(anonymous_15)","line":155,"loc":{"start":{"line":155,"column":20},"end":{"line":155,"column":50}}},"16":{"name":"(anonymous_16)","line":160,"loc":{"start":{"line":160,"column":31},"end":{"line":160,"column":46}}},"17":{"name":"(anonymous_17)","line":166,"loc":{"start":{"line":166,"column":30},"end":{"line":166,"column":43}}},"18":{"name":"(anonymous_18)","line":169,"loc":{"start":{"line":169,"column":29},"end":{"line":169,"column":41}}},"19":{"name":"(anonymous_19)","line":174,"loc":{"start":{"line":174,"column":18},"end":{"line":174,"column":65}}},"20":{"name":"(anonymous_20)","line":182,"loc":{"start":{"line":182,"column":31},"end":{"line":182,"column":46}}},"21":{"name":"(anonymous_21)","line":194,"loc":{"start":{"line":194,"column":30},"end":{"line":194,"column":43}}},"22":{"name":"(anonymous_22)","line":197,"loc":{"start":{"line":197,"column":29},"end":{"line":197,"column":41}}},"23":{"name":"proceed","line":203,"loc":{"start":{"line":203,"column":8},"end":{"line":203,"column":27}}},"24":{"name":"(anonymous_24)","line":206,"loc":{"start":{"line":206,"column":31},"end":{"line":206,"column":53}}},"25":{"name":"writer2","line":226,"loc":{"start":{"line":226,"column":8},"end":{"line":226,"column":40}}},"26":{"name":"read2","line":236,"loc":{"start":{"line":236,"column":8},"end":{"line":236,"column":34}}},"27":{"name":"(anonymous_27)","line":240,"loc":{"start":{"line":240,"column":36},"end":{"line":240,"column":51}}},"28":{"name":"(anonymous_28)","line":271,"loc":{"start":{"line":271,"column":15},"end":{"line":271,"column":37}}},"29":{"name":"(anonymous_29)","line":291,"loc":{"start":{"line":291,"column":12},"end":{"line":291,"column":28}}},"30":{"name":"(anonymous_30)","line":297,"loc":{"start":{"line":297,"column":34},"end":{"line":297,"column":54}}},"31":{"name":"(anonymous_31)","line":299,"loc":{"start":{"line":299,"column":24},"end":{"line":299,"column":47}}},"32":{"name":"(anonymous_32)","line":305,"loc":{"start":{"line":305,"column":14},"end":{"line":305,"column":44}}},"33":{"name":"(anonymous_33)","line":309,"loc":{"start":{"line":309,"column":31},"end":{"line":309,"column":46}}},"34":{"name":"(anonymous_34)","line":316,"loc":{"start":{"line":316,"column":30},"end":{"line":316,"column":48}}},"35":{"name":"(anonymous_35)","line":319,"loc":{"start":{"line":319,"column":29},"end":{"line":319,"column":41}}},"36":{"name":"(anonymous_36)","line":324,"loc":{"start":{"line":324,"column":19},"end":{"line":324,"column":47}}},"37":{"name":"(anonymous_37)","line":327,"loc":{"start":{"line":327,"column":22},"end":{"line":327,"column":44}}},"38":{"name":"(anonymous_38)","line":329,"loc":{"start":{"line":329,"column":31},"end":{"line":329,"column":49}}},"39":{"name":"(anonymous_39)","line":340,"loc":{"start":{"line":340,"column":47},"end":{"line":340,"column":62}}},"40":{"name":"(anonymous_40)","line":344,"loc":{"start":{"line":344,"column":39},"end":{"line":344,"column":61}}},"41":{"name":"isDate","line":359,"loc":{"start":{"line":359,"column":21},"end":{"line":359,"column":44}}},"42":{"name":"(anonymous_42)","line":368,"loc":{"start":{"line":368,"column":21},"end":{"line":368,"column":46}}},"43":{"name":"(anonymous_43)","line":371,"loc":{"start":{"line":371,"column":36},"end":{"line":371,"column":56}}},"44":{"name":"(anonymous_44)","line":373,"loc":{"start":{"line":373,"column":30},"end":{"line":373,"column":42}}},"45":{"name":"(anonymous_45)","line":376,"loc":{"start":{"line":376,"column":23},"end":{"line":376,"column":38}}},"46":{"name":"(anonymous_46)","line":381,"loc":{"start":{"line":381,"column":15},"end":{"line":381,"column":83}}},"47":{"name":"(anonymous_47)","line":383,"loc":{"start":{"line":383,"column":43},"end":{"line":383,"column":64}}},"48":{"name":"(anonymous_48)","line":395,"loc":{"start":{"line":395,"column":32},"end":{"line":395,"column":45}}},"49":{"name":"(anonymous_49)","line":405,"loc":{"start":{"line":405,"column":40},"end":{"line":405,"column":70}}},"50":{"name":"(anonymous_50)","line":407,"loc":{"start":{"line":407,"column":52},"end":{"line":407,"column":73}}},"51":{"name":"(anonymous_51)","line":419,"loc":{"start":{"line":419,"column":19},"end":{"line":419,"column":34}}}},"statementMap":{"1":{"start":{"line":9,"column":0},"end":{"line":9,"column":24}},"2":{"start":{"line":13,"column":0},"end":{"line":16,"column":3}},"3":{"start":{"line":25,"column":0},"end":{"line":25,"column":50}},"4":{"start":{"line":27,"column":0},"end":{"line":440,"column":2}},"5":{"start":{"line":30,"column":8},"end":{"line":30,"column":21}},"6":{"start":{"line":31,"column":8},"end":{"line":39,"column":11}},"7":{"start":{"line":32,"column":12},"end":{"line":38,"column":13}},"8":{"start":{"line":33,"column":16},"end":{"line":37,"column":19}},"9":{"start":{"line":40,"column":8},"end":{"line":40,"column":19}},"10":{"start":{"line":44,"column":8},"end":{"line":44,"column":33}},"11":{"start":{"line":45,"column":8},"end":{"line":45,"column":21}},"12":{"start":{"line":46,"column":8},"end":{"line":46,"column":23}},"13":{"start":{"line":47,"column":8},"end":{"line":51,"column":11}},"14":{"start":{"line":48,"column":12},"end":{"line":50,"column":13}},"15":{"start":{"line":49,"column":16},"end":{"line":49,"column":30}},"16":{"start":{"line":53,"column":8},"end":{"line":68,"column":11}},"17":{"start":{"line":56,"column":12},"end":{"line":67,"column":13}},"18":{"start":{"line":57,"column":16},"end":{"line":57,"column":36}},"19":{"start":{"line":58,"column":19},"end":{"line":67,"column":13}},"20":{"start":{"line":59,"column":16},"end":{"line":63,"column":19}},"21":{"start":{"line":60,"column":20},"end":{"line":62,"column":21}},"22":{"start":{"line":61,"column":24},"end":{"line":61,"column":36}},"23":{"start":{"line":64,"column":16},"end":{"line":64,"column":36}},"24":{"start":{"line":66,"column":16},"end":{"line":66,"column":48}},"25":{"start":{"line":71,"column":8},"end":{"line":101,"column":11}},"26":{"start":{"line":74,"column":12},"end":{"line":100,"column":13}},"27":{"start":{"line":75,"column":16},"end":{"line":75,"column":36}},"28":{"start":{"line":76,"column":19},"end":{"line":100,"column":13}},"29":{"start":{"line":77,"column":16},"end":{"line":97,"column":17}},"30":{"start":{"line":80,"column":28},"end":{"line":80,"column":50}},"31":{"start":{"line":81,"column":28},"end":{"line":81,"column":60}},"32":{"start":{"line":82,"column":28},"end":{"line":84,"column":41}},"33":{"start":{"line":86,"column":24},"end":{"line":86,"column":30}},"34":{"start":{"line":89,"column":28},"end":{"line":91,"column":31}},"35":{"start":{"line":90,"column":32},"end":{"line":90,"column":63}},"36":{"start":{"line":92,"column":28},"end":{"line":94,"column":41}},"37":{"start":{"line":96,"column":24},"end":{"line":96,"column":30}},"38":{"start":{"line":99,"column":16},"end":{"line":99,"column":37}},"39":{"start":{"line":107,"column":8},"end":{"line":107,"column":43}},"40":{"start":{"line":108,"column":8},"end":{"line":108,"column":50}},"41":{"start":{"line":109,"column":8},"end":{"line":109,"column":44}},"42":{"start":{"line":110,"column":8},"end":{"line":112,"column":9}},"43":{"start":{"line":111,"column":12},"end":{"line":111,"column":30}},"44":{"start":{"line":113,"column":8},"end":{"line":113,"column":47}},"45":{"start":{"line":115,"column":8},"end":{"line":117,"column":11}},"46":{"start":{"line":118,"column":8},"end":{"line":123,"column":11}},"47":{"start":{"line":119,"column":12},"end":{"line":121,"column":15}},"48":{"start":{"line":122,"column":12},"end":{"line":122,"column":32}},"49":{"start":{"line":125,"column":8},"end":{"line":125,"column":56}},"50":{"start":{"line":127,"column":8},"end":{"line":151,"column":9}},"51":{"start":{"line":128,"column":12},"end":{"line":148,"column":15}},"52":{"start":{"line":129,"column":16},"end":{"line":146,"column":17}},"53":{"start":{"line":130,"column":20},"end":{"line":130,"column":40}},"54":{"start":{"line":132,"column":20},"end":{"line":144,"column":21}},"55":{"start":{"line":133,"column":24},"end":{"line":137,"column":27}},"56":{"start":{"line":134,"column":28},"end":{"line":134,"column":72}},"57":{"start":{"line":135,"column":28},"end":{"line":135,"column":55}},"58":{"start":{"line":136,"column":28},"end":{"line":136,"column":59}},"59":{"start":{"line":139,"column":24},"end":{"line":143,"column":27}},"60":{"start":{"line":140,"column":28},"end":{"line":140,"column":72}},"61":{"start":{"line":141,"column":28},"end":{"line":141,"column":55}},"62":{"start":{"line":142,"column":28},"end":{"line":142,"column":59}},"63":{"start":{"line":150,"column":12},"end":{"line":150,"column":42}},"64":{"start":{"line":156,"column":8},"end":{"line":156,"column":42}},"65":{"start":{"line":157,"column":8},"end":{"line":159,"column":11}},"66":{"start":{"line":160,"column":8},"end":{"line":163,"column":11}},"67":{"start":{"line":162,"column":12},"end":{"line":162,"column":33}},"68":{"start":{"line":164,"column":8},"end":{"line":164,"column":16}},"69":{"start":{"line":165,"column":8},"end":{"line":165,"column":22}},"70":{"start":{"line":166,"column":8},"end":{"line":168,"column":11}},"71":{"start":{"line":167,"column":12},"end":{"line":167,"column":25}},"72":{"start":{"line":169,"column":8},"end":{"line":172,"column":11}},"73":{"start":{"line":170,"column":12},"end":{"line":170,"column":38}},"74":{"start":{"line":171,"column":12},"end":{"line":171,"column":32}},"75":{"start":{"line":175,"column":8},"end":{"line":178,"column":11}},"76":{"start":{"line":179,"column":8},"end":{"line":181,"column":11}},"77":{"start":{"line":182,"column":8},"end":{"line":187,"column":11}},"78":{"start":{"line":183,"column":12},"end":{"line":186,"column":15}},"79":{"start":{"line":188,"column":8},"end":{"line":188,"column":16}},"80":{"start":{"line":189,"column":8},"end":{"line":189,"column":26}},"81":{"start":{"line":190,"column":8},"end":{"line":190,"column":22}},"82":{"start":{"line":191,"column":8},"end":{"line":191,"column":25}},"83":{"start":{"line":192,"column":8},"end":{"line":192,"column":15}},"84":{"start":{"line":193,"column":8},"end":{"line":193,"column":15}},"85":{"start":{"line":194,"column":8},"end":{"line":196,"column":11}},"86":{"start":{"line":195,"column":12},"end":{"line":195,"column":25}},"87":{"start":{"line":197,"column":8},"end":{"line":200,"column":11}},"88":{"start":{"line":198,"column":12},"end":{"line":198,"column":38}},"89":{"start":{"line":199,"column":12},"end":{"line":199,"column":22}},"90":{"start":{"line":203,"column":8},"end":{"line":224,"column":9}},"91":{"start":{"line":204,"column":12},"end":{"line":204,"column":23}},"92":{"start":{"line":205,"column":12},"end":{"line":223,"column":13}},"93":{"start":{"line":206,"column":16},"end":{"line":222,"column":19}},"94":{"start":{"line":207,"column":20},"end":{"line":221,"column":21}},"95":{"start":{"line":208,"column":24},"end":{"line":208,"column":48}},"96":{"start":{"line":210,"column":24},"end":{"line":220,"column":25}},"97":{"start":{"line":211,"column":28},"end":{"line":211,"column":87}},"98":{"start":{"line":212,"column":31},"end":{"line":220,"column":25}},"99":{"start":{"line":213,"column":28},"end":{"line":213,"column":85}},"100":{"start":{"line":214,"column":31},"end":{"line":220,"column":25}},"101":{"start":{"line":215,"column":28},"end":{"line":215,"column":86}},"102":{"start":{"line":216,"column":31},"end":{"line":220,"column":25}},"103":{"start":{"line":217,"column":28},"end":{"line":217,"column":89}},"104":{"start":{"line":219,"column":28},"end":{"line":219,"column":90}},"105":{"start":{"line":226,"column":8},"end":{"line":234,"column":9}},"106":{"start":{"line":227,"column":12},"end":{"line":229,"column":15}},"107":{"start":{"line":230,"column":12},"end":{"line":230,"column":56}},"108":{"start":{"line":231,"column":12},"end":{"line":231,"column":39}},"109":{"start":{"line":232,"column":12},"end":{"line":232,"column":44}},"110":{"start":{"line":233,"column":12},"end":{"line":233,"column":31}},"111":{"start":{"line":236,"column":8},"end":{"line":247,"column":9}},"112":{"start":{"line":237,"column":12},"end":{"line":239,"column":15}},"113":{"start":{"line":240,"column":12},"end":{"line":245,"column":15}},"114":{"start":{"line":241,"column":16},"end":{"line":244,"column":19}},"115":{"start":{"line":246,"column":12},"end":{"line":246,"column":34}},"116":{"start":{"line":248,"column":8},"end":{"line":248,"column":46}},"117":{"start":{"line":249,"column":8},"end":{"line":249,"column":50}},"118":{"start":{"line":250,"column":8},"end":{"line":287,"column":9}},"119":{"start":{"line":252,"column":12},"end":{"line":252,"column":35}},"120":{"start":{"line":253,"column":12},"end":{"line":257,"column":13}},"121":{"start":{"line":254,"column":16},"end":{"line":254,"column":39}},"122":{"start":{"line":256,"column":16},"end":{"line":256,"column":35}},"123":{"start":{"line":258,"column":12},"end":{"line":262,"column":13}},"124":{"start":{"line":259,"column":16},"end":{"line":259,"column":40}},"125":{"start":{"line":261,"column":16},"end":{"line":261,"column":35}},"126":{"start":{"line":263,"column":12},"end":{"line":267,"column":13}},"127":{"start":{"line":264,"column":16},"end":{"line":264,"column":39}},"128":{"start":{"line":266,"column":16},"end":{"line":266,"column":35}},"129":{"start":{"line":268,"column":12},"end":{"line":268,"column":54}},"130":{"start":{"line":269,"column":12},"end":{"line":283,"column":15}},"131":{"start":{"line":272,"column":16},"end":{"line":277,"column":17}},"132":{"start":{"line":273,"column":20},"end":{"line":276,"column":23}},"133":{"start":{"line":278,"column":16},"end":{"line":282,"column":17}},"134":{"start":{"line":279,"column":20},"end":{"line":279,"column":41}},"135":{"start":{"line":281,"column":20},"end":{"line":281,"column":30}},"136":{"start":{"line":286,"column":12},"end":{"line":286,"column":33}},"137":{"start":{"line":292,"column":8},"end":{"line":292,"column":41}},"138":{"start":{"line":293,"column":8},"end":{"line":293,"column":24}},"139":{"start":{"line":294,"column":8},"end":{"line":294,"column":59}},"140":{"start":{"line":295,"column":8},"end":{"line":295,"column":62}},"141":{"start":{"line":296,"column":8},"end":{"line":296,"column":25}},"142":{"start":{"line":297,"column":8},"end":{"line":302,"column":11}},"143":{"start":{"line":298,"column":12},"end":{"line":298,"column":29}},"144":{"start":{"line":299,"column":12},"end":{"line":301,"column":15}},"145":{"start":{"line":300,"column":16},"end":{"line":300,"column":53}},"146":{"start":{"line":303,"column":8},"end":{"line":303,"column":23}},"147":{"start":{"line":306,"column":8},"end":{"line":308,"column":11}},"148":{"start":{"line":309,"column":8},"end":{"line":314,"column":11}},"149":{"start":{"line":310,"column":12},"end":{"line":313,"column":15}},"150":{"start":{"line":315,"column":8},"end":{"line":315,"column":25}},"151":{"start":{"line":316,"column":8},"end":{"line":318,"column":11}},"152":{"start":{"line":317,"column":12},"end":{"line":317,"column":33}},"153":{"start":{"line":319,"column":8},"end":{"line":322,"column":11}},"154":{"start":{"line":320,"column":12},"end":{"line":320,"column":48}},"155":{"start":{"line":321,"column":12},"end":{"line":321,"column":50}},"156":{"start":{"line":326,"column":8},"end":{"line":326,"column":27}},"157":{"start":{"line":327,"column":8},"end":{"line":335,"column":11}},"158":{"start":{"line":328,"column":12},"end":{"line":328,"column":33}},"159":{"start":{"line":329,"column":12},"end":{"line":333,"column":15}},"160":{"start":{"line":330,"column":16},"end":{"line":332,"column":17}},"161":{"start":{"line":331,"column":20},"end":{"line":331,"column":41}},"162":{"start":{"line":334,"column":12},"end":{"line":334,"column":40}},"163":{"start":{"line":336,"column":8},"end":{"line":336,"column":38}},"164":{"start":{"line":337,"column":8},"end":{"line":337,"column":31}},"165":{"start":{"line":338,"column":8},"end":{"line":338,"column":84}},"166":{"start":{"line":339,"column":8},"end":{"line":339,"column":38}},"167":{"start":{"line":340,"column":8},"end":{"line":355,"column":11}},"168":{"start":{"line":341,"column":12},"end":{"line":354,"column":13}},"169":{"start":{"line":342,"column":16},"end":{"line":342,"column":40}},"170":{"start":{"line":344,"column":16},"end":{"line":353,"column":19}},"171":{"start":{"line":345,"column":20},"end":{"line":352,"column":21}},"172":{"start":{"line":346,"column":24},"end":{"line":346,"column":48}},"173":{"start":{"line":348,"column":24},"end":{"line":348,"column":76}},"174":{"start":{"line":349,"column":24},"end":{"line":349,"column":86}},"175":{"start":{"line":350,"column":24},"end":{"line":350,"column":40}},"176":{"start":{"line":351,"column":24},"end":{"line":351,"column":45}},"177":{"start":{"line":360,"column":8},"end":{"line":360,"column":53}},"178":{"start":{"line":361,"column":8},"end":{"line":361,"column":32}},"179":{"start":{"line":362,"column":8},"end":{"line":366,"column":9}},"180":{"start":{"line":363,"column":12},"end":{"line":363,"column":32}},"181":{"start":{"line":365,"column":12},"end":{"line":365,"column":29}},"182":{"start":{"line":369,"column":8},"end":{"line":369,"column":81}},"183":{"start":{"line":370,"column":8},"end":{"line":370,"column":46}},"184":{"start":{"line":371,"column":8},"end":{"line":379,"column":11}},"185":{"start":{"line":372,"column":12},"end":{"line":372,"column":32}},"186":{"start":{"line":373,"column":12},"end":{"line":375,"column":15}},"187":{"start":{"line":374,"column":16},"end":{"line":374,"column":50}},"188":{"start":{"line":377,"column":12},"end":{"line":377,"column":28}},"189":{"start":{"line":378,"column":12},"end":{"line":378,"column":26}},"190":{"start":{"line":383,"column":8},"end":{"line":433,"column":11}},"191":{"start":{"line":384,"column":12},"end":{"line":432,"column":13}},"192":{"start":{"line":385,"column":16},"end":{"line":385,"column":30}},"193":{"start":{"line":387,"column":16},"end":{"line":387,"column":54}},"194":{"start":{"line":388,"column":16},"end":{"line":388,"column":55}},"195":{"start":{"line":389,"column":16},"end":{"line":389,"column":45}},"196":{"start":{"line":391,"column":16},"end":{"line":391,"column":82}},"197":{"start":{"line":392,"column":16},"end":{"line":392,"column":36}},"198":{"start":{"line":393,"column":16},"end":{"line":393,"column":41}},"199":{"start":{"line":394,"column":16},"end":{"line":394,"column":67}},"200":{"start":{"line":395,"column":16},"end":{"line":398,"column":19}},"201":{"start":{"line":396,"column":20},"end":{"line":396,"column":66}},"202":{"start":{"line":397,"column":20},"end":{"line":397,"column":49}},"203":{"start":{"line":400,"column":16},"end":{"line":400,"column":57}},"204":{"start":{"line":402,"column":16},"end":{"line":402,"column":68}},"205":{"start":{"line":403,"column":16},"end":{"line":403,"column":41}},"206":{"start":{"line":405,"column":16},"end":{"line":431,"column":19}},"207":{"start":{"line":406,"column":20},"end":{"line":406,"column":61}},"208":{"start":{"line":407,"column":20},"end":{"line":418,"column":23}},"209":{"start":{"line":408,"column":24},"end":{"line":417,"column":25}},"210":{"start":{"line":409,"column":28},"end":{"line":409,"column":42}},"211":{"start":{"line":411,"column":28},"end":{"line":411,"column":81}},"212":{"start":{"line":412,"column":28},"end":{"line":412,"column":62}},"213":{"start":{"line":413,"column":28},"end":{"line":413,"column":61}},"214":{"start":{"line":414,"column":28},"end":{"line":414,"column":68}},"215":{"start":{"line":415,"column":28},"end":{"line":415,"column":59}},"216":{"start":{"line":416,"column":28},"end":{"line":416,"column":39}},"217":{"start":{"line":420,"column":20},"end":{"line":429,"column":21}},"218":{"start":{"line":421,"column":24},"end":{"line":421,"column":38}},"219":{"start":{"line":423,"column":24},"end":{"line":427,"column":27}},"220":{"start":{"line":428,"column":24},"end":{"line":428,"column":50}},"221":{"start":{"line":441,"column":0},"end":{"line":441,"column":50}}},"branchMap":{"1":{"line":32,"type":"if","locations":[{"start":{"line":32,"column":12},"end":{"line":32,"column":12}},{"start":{"line":32,"column":12},"end":{"line":32,"column":12}}]},"2":{"line":48,"type":"if","locations":[{"start":{"line":48,"column":12},"end":{"line":48,"column":12}},{"start":{"line":48,"column":12},"end":{"line":48,"column":12}}]},"3":{"line":56,"type":"if","locations":[{"start":{"line":56,"column":12},"end":{"line":56,"column":12}},{"start":{"line":56,"column":12},"end":{"line":56,"column":12}}]},"4":{"line":58,"type":"if","locations":[{"start":{"line":58,"column":19},"end":{"line":58,"column":19}},{"start":{"line":58,"column":19},"end":{"line":58,"column":19}}]},"5":{"line":60,"type":"if","locations":[{"start":{"line":60,"column":20},"end":{"line":60,"column":20}},{"start":{"line":60,"column":20},"end":{"line":60,"column":20}}]},"6":{"line":74,"type":"if","locations":[{"start":{"line":74,"column":12},"end":{"line":74,"column":12}},{"start":{"line":74,"column":12},"end":{"line":74,"column":12}}]},"7":{"line":76,"type":"if","locations":[{"start":{"line":76,"column":19},"end":{"line":76,"column":19}},{"start":{"line":76,"column":19},"end":{"line":76,"column":19}}]},"8":{"line":77,"type":"switch","locations":[{"start":{"line":78,"column":20},"end":{"line":86,"column":30}},{"start":{"line":87,"column":20},"end":{"line":96,"column":30}}]},"9":{"line":110,"type":"if","locations":[{"start":{"line":110,"column":8},"end":{"line":110,"column":8}},{"start":{"line":110,"column":8},"end":{"line":110,"column":8}}]},"10":{"line":127,"type":"if","locations":[{"start":{"line":127,"column":8},"end":{"line":127,"column":8}},{"start":{"line":127,"column":8},"end":{"line":127,"column":8}}]},"11":{"line":127,"type":"binary-expr","locations":[{"start":{"line":127,"column":12},"end":{"line":127,"column":30}},{"start":{"line":127,"column":34},"end":{"line":127,"column":52}},{"start":{"line":127,"column":56},"end":{"line":127,"column":74}}]},"12":{"line":129,"type":"if","locations":[{"start":{"line":129,"column":16},"end":{"line":129,"column":16}},{"start":{"line":129,"column":16},"end":{"line":129,"column":16}}]},"13":{"line":132,"type":"if","locations":[{"start":{"line":132,"column":20},"end":{"line":132,"column":20}},{"start":{"line":132,"column":20},"end":{"line":132,"column":20}}]},"14":{"line":132,"type":"binary-expr","locations":[{"start":{"line":132,"column":24},"end":{"line":132,"column":57}},{"start":{"line":132,"column":61},"end":{"line":132,"column":95}}]},"15":{"line":205,"type":"if","locations":[{"start":{"line":205,"column":12},"end":{"line":205,"column":12}},{"start":{"line":205,"column":12},"end":{"line":205,"column":12}}]},"16":{"line":207,"type":"if","locations":[{"start":{"line":207,"column":20},"end":{"line":207,"column":20}},{"start":{"line":207,"column":20},"end":{"line":207,"column":20}}]},"17":{"line":210,"type":"if","locations":[{"start":{"line":210,"column":24},"end":{"line":210,"column":24}},{"start":{"line":210,"column":24},"end":{"line":210,"column":24}}]},"18":{"line":210,"type":"binary-expr","locations":[{"start":{"line":210,"column":28},"end":{"line":210,"column":47}},{"start":{"line":210,"column":51},"end":{"line":210,"column":56}},{"start":{"line":210,"column":60},"end":{"line":210,"column":66}}]},"19":{"line":212,"type":"if","locations":[{"start":{"line":212,"column":31},"end":{"line":212,"column":31}},{"start":{"line":212,"column":31},"end":{"line":212,"column":31}}]},"20":{"line":212,"type":"binary-expr","locations":[{"start":{"line":212,"column":35},"end":{"line":212,"column":52}},{"start":{"line":212,"column":57},"end":{"line":212,"column":62}},{"start":{"line":212,"column":66},"end":{"line":212,"column":75}},{"start":{"line":212,"column":81},"end":{"line":212,"column":87}},{"start":{"line":212,"column":91},"end":{"line":212,"column":101}}]},"21":{"line":214,"type":"if","locations":[{"start":{"line":214,"column":31},"end":{"line":214,"column":31}},{"start":{"line":214,"column":31},"end":{"line":214,"column":31}}]},"22":{"line":214,"type":"binary-expr","locations":[{"start":{"line":214,"column":36},"end":{"line":214,"column":41}},{"start":{"line":214,"column":45},"end":{"line":214,"column":54}},{"start":{"line":214,"column":60},"end":{"line":214,"column":66}},{"start":{"line":214,"column":70},"end":{"line":214,"column":80}}]},"23":{"line":216,"type":"if","locations":[{"start":{"line":216,"column":31},"end":{"line":216,"column":31}},{"start":{"line":216,"column":31},"end":{"line":216,"column":31}}]},"24":{"line":216,"type":"binary-expr","locations":[{"start":{"line":216,"column":36},"end":{"line":216,"column":41}},{"start":{"line":216,"column":45},"end":{"line":216,"column":54}},{"start":{"line":216,"column":59},"end":{"line":216,"column":82}}]},"25":{"line":216,"type":"binary-expr","locations":[{"start":{"line":216,"column":61},"end":{"line":216,"column":67}},{"start":{"line":216,"column":71},"end":{"line":216,"column":81}}]},"26":{"line":250,"type":"if","locations":[{"start":{"line":250,"column":8},"end":{"line":250,"column":8}},{"start":{"line":250,"column":8},"end":{"line":250,"column":8}}]},"27":{"line":250,"type":"binary-expr","locations":[{"start":{"line":250,"column":13},"end":{"line":250,"column":31}},{"start":{"line":250,"column":35},"end":{"line":250,"column":53}},{"start":{"line":250,"column":57},"end":{"line":250,"column":75}},{"start":{"line":250,"column":82},"end":{"line":250,"column":87}},{"start":{"line":250,"column":91},"end":{"line":250,"column":100}},{"start":{"line":250,"column":106},"end":{"line":250,"column":112}},{"start":{"line":250,"column":116},"end":{"line":250,"column":126}}]},"28":{"line":253,"type":"if","locations":[{"start":{"line":253,"column":12},"end":{"line":253,"column":12}},{"start":{"line":253,"column":12},"end":{"line":253,"column":12}}]},"29":{"line":258,"type":"if","locations":[{"start":{"line":258,"column":12},"end":{"line":258,"column":12}},{"start":{"line":258,"column":12},"end":{"line":258,"column":12}}]},"30":{"line":263,"type":"if","locations":[{"start":{"line":263,"column":12},"end":{"line":263,"column":12}},{"start":{"line":263,"column":12},"end":{"line":263,"column":12}}]},"31":{"line":263,"type":"binary-expr","locations":[{"start":{"line":263,"column":16},"end":{"line":263,"column":21}},{"start":{"line":263,"column":26},"end":{"line":263,"column":44}},{"start":{"line":263,"column":48},"end":{"line":263,"column":64}}]},"32":{"line":272,"type":"if","locations":[{"start":{"line":272,"column":16},"end":{"line":272,"column":16}},{"start":{"line":272,"column":16},"end":{"line":272,"column":16}}]},"33":{"line":278,"type":"if","locations":[{"start":{"line":278,"column":16},"end":{"line":278,"column":16}},{"start":{"line":278,"column":16},"end":{"line":278,"column":16}}]},"34":{"line":330,"type":"if","locations":[{"start":{"line":330,"column":16},"end":{"line":330,"column":16}},{"start":{"line":330,"column":16},"end":{"line":330,"column":16}}]},"35":{"line":330,"type":"binary-expr","locations":[{"start":{"line":330,"column":20},"end":{"line":330,"column":32}},{"start":{"line":330,"column":36},"end":{"line":330,"column":54}},{"start":{"line":330,"column":58},"end":{"line":330,"column":76}}]},"36":{"line":341,"type":"if","locations":[{"start":{"line":341,"column":12},"end":{"line":341,"column":12}},{"start":{"line":341,"column":12},"end":{"line":341,"column":12}}]},"37":{"line":345,"type":"if","locations":[{"start":{"line":345,"column":20},"end":{"line":345,"column":20}},{"start":{"line":345,"column":20},"end":{"line":345,"column":20}}]},"38":{"line":362,"type":"if","locations":[{"start":{"line":362,"column":8},"end":{"line":362,"column":8}},{"start":{"line":362,"column":8},"end":{"line":362,"column":8}}]},"39":{"line":384,"type":"if","locations":[{"start":{"line":384,"column":12},"end":{"line":384,"column":12}},{"start":{"line":384,"column":12},"end":{"line":384,"column":12}}]},"40":{"line":408,"type":"if","locations":[{"start":{"line":408,"column":24},"end":{"line":408,"column":24}},{"start":{"line":408,"column":24},"end":{"line":408,"column":24}}]},"41":{"line":420,"type":"if","locations":[{"start":{"line":420,"column":20},"end":{"line":420,"column":20}},{"start":{"line":420,"column":20},"end":{"line":420,"column":20}}]}}},"/Applications/XAMPP/xamppfiles/htdocs/nodeFramework/api/services/User.js":{"path":"/Applications/XAMPP/xamppfiles/htdocs/nodeFramework/api/services/User.js","s":{"1":1,"2":0,"3":0,"4":0,"5":1,"6":1,"7":1,"8":1,"9":1,"10":1,"11":4,"12":4,"13":6,"14":4,"15":0,"16":0,"17":0,"18":0,"19":0,"20":0,"21":0,"22":0,"23":0,"24":0,"25":0,"26":0,"27":0,"28":0,"29":0,"30":0,"31":0,"32":0,"33":0,"34":0,"35":0,"36":0,"37":0,"38":0,"39":0,"40":0,"41":0,"42":0,"43":0,"44":0,"45":0,"46":0,"47":0,"48":0,"49":0,"50":0,"51":0,"52":0,"53":0,"54":0,"55":0,"56":0,"57":0,"58":0,"59":1},"b":{"1":[0,0],"2":[0,0],"3":[0,0],"4":[0,0],"5":[0,0],"6":[0,0],"7":[0,0],"8":[0,0],"9":[0,0],"10":[0,0],"11":[0,0]},"f":{"1":0,"2":0,"3":0,"4":4,"5":6,"6":0,"7":0,"8":0,"9":0,"10":0,"11":0,"12":0,"13":0,"14":0,"15":0},"fnMap":{"1":{"name":"(anonymous_1)","line":17,"loc":{"start":{"line":17,"column":20},"end":{"line":17,"column":41}}},"2":{"name":"(anonymous_2)","line":29,"loc":{"start":{"line":29,"column":20},"end":{"line":29,"column":41}}},"3":{"name":"(anonymous_3)","line":34,"loc":{"start":{"line":34,"column":20},"end":{"line":34,"column":41}}},"4":{"name":"(anonymous_4)","line":89,"loc":{"start":{"line":89,"column":9},"end":{"line":89,"column":21}}},"5":{"name":"(anonymous_5)","line":91,"loc":{"start":{"line":91,"column":26},"end":{"line":91,"column":41}}},"6":{"name":"(anonymous_6)","line":96,"loc":{"start":{"line":96,"column":18},"end":{"line":96,"column":44}}},"7":{"name":"(anonymous_7)","line":101,"loc":{"start":{"line":101,"column":16},"end":{"line":101,"column":37}}},"8":{"name":"(anonymous_8)","line":126,"loc":{"start":{"line":126,"column":42},"end":{"line":126,"column":64}}},"9":{"name":"(anonymous_9)","line":144,"loc":{"start":{"line":144,"column":26},"end":{"line":144,"column":38}}},"10":{"name":"(anonymous_10)","line":149,"loc":{"start":{"line":149,"column":13},"end":{"line":149,"column":50}}},"11":{"name":"(anonymous_11)","line":156,"loc":{"start":{"line":156,"column":21},"end":{"line":156,"column":42}}},"12":{"name":"(anonymous_12)","line":166,"loc":{"start":{"line":166,"column":23},"end":{"line":166,"column":50}}},"13":{"name":"(anonymous_13)","line":169,"loc":{"start":{"line":169,"column":16},"end":{"line":169,"column":37}}},"14":{"name":"(anonymous_14)","line":171,"loc":{"start":{"line":171,"column":22},"end":{"line":171,"column":34}}},"15":{"name":"(anonymous_15)","line":180,"loc":{"start":{"line":180,"column":17},"end":{"line":180,"column":43}}}},"statementMap":{"1":{"start":{"line":1,"column":0},"end":{"line":73,"column":3}},"2":{"start":{"line":18,"column":16},"end":{"line":18,"column":57}},"3":{"start":{"line":30,"column":16},"end":{"line":30,"column":43}},"4":{"start":{"line":35,"column":16},"end":{"line":35,"column":80}},"5":{"start":{"line":75,"column":0},"end":{"line":81,"column":3}},"6":{"start":{"line":82,"column":0},"end":{"line":82,"column":31}},"7":{"start":{"line":83,"column":0},"end":{"line":83,"column":26}},"8":{"start":{"line":85,"column":0},"end":{"line":85,"column":48}},"9":{"start":{"line":87,"column":0},"end":{"line":87,"column":83}},"10":{"start":{"line":88,"column":0},"end":{"line":183,"column":2}},"11":{"start":{"line":90,"column":8},"end":{"line":90,"column":20}},"12":{"start":{"line":91,"column":8},"end":{"line":93,"column":11}},"13":{"start":{"line":92,"column":12},"end":{"line":92,"column":23}},"14":{"start":{"line":94,"column":8},"end":{"line":94,"column":19}},"15":{"start":{"line":97,"column":8},"end":{"line":97,"column":25}},"16":{"start":{"line":98,"column":8},"end":{"line":147,"column":11}},"17":{"start":{"line":102,"column":12},"end":{"line":146,"column":13}},"18":{"start":{"line":103,"column":16},"end":{"line":103,"column":33}},"19":{"start":{"line":104,"column":16},"end":{"line":104,"column":36}},"20":{"start":{"line":105,"column":19},"end":{"line":146,"column":13}},"21":{"start":{"line":106,"column":16},"end":{"line":113,"column":18}},"22":{"start":{"line":114,"column":16},"end":{"line":120,"column":17}},"23":{"start":{"line":115,"column":20},"end":{"line":115,"column":59}},"24":{"start":{"line":116,"column":20},"end":{"line":116,"column":79}},"25":{"start":{"line":117,"column":20},"end":{"line":119,"column":21}},"26":{"start":{"line":118,"column":24},"end":{"line":118,"column":56}},"27":{"start":{"line":121,"column":16},"end":{"line":121,"column":69}},"28":{"start":{"line":122,"column":16},"end":{"line":122,"column":71}},"29":{"start":{"line":123,"column":16},"end":{"line":125,"column":17}},"30":{"start":{"line":124,"column":20},"end":{"line":124,"column":53}},"31":{"start":{"line":126,"column":16},"end":{"line":137,"column":19}},"32":{"start":{"line":127,"column":20},"end":{"line":136,"column":21}},"33":{"start":{"line":128,"column":24},"end":{"line":128,"column":45}},"34":{"start":{"line":130,"column":24},"end":{"line":130,"column":49}},"35":{"start":{"line":131,"column":24},"end":{"line":131,"column":48}},"36":{"start":{"line":132,"column":24},"end":{"line":132,"column":46}},"37":{"start":{"line":133,"column":24},"end":{"line":133,"column":52}},"38":{"start":{"line":134,"column":24},"end":{"line":134,"column":41}},"39":{"start":{"line":135,"column":24},"end":{"line":135,"column":45}},"40":{"start":{"line":139,"column":16},"end":{"line":139,"column":39}},"41":{"start":{"line":140,"column":16},"end":{"line":140,"column":37}},"42":{"start":{"line":141,"column":16},"end":{"line":141,"column":43}},"43":{"start":{"line":142,"column":16},"end":{"line":142,"column":32}},"44":{"start":{"line":143,"column":16},"end":{"line":143,"column":64}},"45":{"start":{"line":144,"column":16},"end":{"line":144,"column":42}},"46":{"start":{"line":145,"column":16},"end":{"line":145,"column":36}},"47":{"start":{"line":150,"column":8},"end":{"line":150,"column":56}},"48":{"start":{"line":151,"column":8},"end":{"line":153,"column":9}},"49":{"start":{"line":152,"column":12},"end":{"line":152,"column":59}},"50":{"start":{"line":154,"column":8},"end":{"line":164,"column":11}},"51":{"start":{"line":157,"column":12},"end":{"line":163,"column":13}},"52":{"start":{"line":158,"column":16},"end":{"line":158,"column":30}},"53":{"start":{"line":159,"column":19},"end":{"line":163,"column":13}},"54":{"start":{"line":160,"column":16},"end":{"line":160,"column":37}},"55":{"start":{"line":162,"column":16},"end":{"line":162,"column":48}},"56":{"start":{"line":167,"column":8},"end":{"line":172,"column":11}},"57":{"start":{"line":170,"column":12},"end":{"line":170,"column":49}},"58":{"start":{"line":171,"column":12},"end":{"line":171,"column":38}},"59":{"start":{"line":184,"column":0},"end":{"line":184,"column":58}}},"branchMap":{"1":{"line":102,"type":"if","locations":[{"start":{"line":102,"column":12},"end":{"line":102,"column":12}},{"start":{"line":102,"column":12},"end":{"line":102,"column":12}}]},"2":{"line":105,"type":"if","locations":[{"start":{"line":105,"column":19},"end":{"line":105,"column":19}},{"start":{"line":105,"column":19},"end":{"line":105,"column":19}}]},"3":{"line":114,"type":"if","locations":[{"start":{"line":114,"column":16},"end":{"line":114,"column":16}},{"start":{"line":114,"column":16},"end":{"line":114,"column":16}}]},"4":{"line":114,"type":"binary-expr","locations":[{"start":{"line":114,"column":20},"end":{"line":114,"column":31}},{"start":{"line":114,"column":35},"end":{"line":114,"column":57}}]},"5":{"line":117,"type":"if","locations":[{"start":{"line":117,"column":20},"end":{"line":117,"column":20}},{"start":{"line":117,"column":20},"end":{"line":117,"column":20}}]},"6":{"line":123,"type":"if","locations":[{"start":{"line":123,"column":16},"end":{"line":123,"column":16}},{"start":{"line":123,"column":16},"end":{"line":123,"column":16}}]},"7":{"line":123,"type":"binary-expr","locations":[{"start":{"line":123,"column":20},"end":{"line":123,"column":30}},{"start":{"line":123,"column":34},"end":{"line":123,"column":48}}]},"8":{"line":127,"type":"if","locations":[{"start":{"line":127,"column":20},"end":{"line":127,"column":20}},{"start":{"line":127,"column":20},"end":{"line":127,"column":20}}]},"9":{"line":151,"type":"if","locations":[{"start":{"line":151,"column":8},"end":{"line":151,"column":8}},{"start":{"line":151,"column":8},"end":{"line":151,"column":8}}]},"10":{"line":157,"type":"if","locations":[{"start":{"line":157,"column":12},"end":{"line":157,"column":12}},{"start":{"line":157,"column":12},"end":{"line":157,"column":12}}]},"11":{"line":159,"type":"if","locations":[{"start":{"line":159,"column":19},"end":{"line":159,"column":19}},{"start":{"line":159,"column":19},"end":{"line":159,"column":19}}]}}}}